[2018-07-04 07:57:28] [ INFO ] [main] com.icongtai.geo.GeoApiApplication [50] - Starting GeoApiApplication on EDZ-20180112GOE with PID 7468 (D:\DevDir\springboot-es-search\spring-boot-es\target\classes started by Edianzu in D:\DevDir\springboot-es-search\spring-boot-es)
[2018-07-04 07:57:28] [ INFO ] [main] com.icongtai.geo.GeoApiApplication [652] - No active profile set, falling back to default profiles: default
[2018-07-04 07:57:28] [ INFO ] [main] org.springframework.boot.web.servlet.context.AnnotationConfigServletWebServerApplicationContext [589] - Refreshing org.springframework.boot.web.servlet.context.AnnotationConfigServletWebServerApplicationContext@56620197: startup date [Wed Jul 04 07:57:28 CST 2018]; root of context hierarchy
[2018-07-04 07:57:30] [ INFO ] [main] org.springframework.boot.web.embedded.tomcat.TomcatWebServer [91] - Tomcat initialized with port(s): 8080 (http)
[2018-07-04 07:57:30] [ INFO ] [main] org.apache.catalina.core.StandardService [180] - Starting service [Tomcat]
[2018-07-04 07:57:30] [ INFO ] [main] org.apache.catalina.core.StandardEngine [180] - Starting Servlet Engine: Apache Tomcat/8.5.28
[2018-07-04 07:57:30] [ INFO ] [localhost-startStop-1] org.apache.catalina.core.AprLifecycleListener [180] - The APR based Apache Tomcat Native library which allows optimal performance in production environments was not found on the java.library.path: [D:\MyInstall\Install\JDK\DEVINSTALL\bin;C:\Windows\Sun\Java\bin;C:\Windows\system32;C:\Windows;C:\ProgramData\Oracle\Java\javapath;D:\MyInstall\Install\JDK\DEVINSTALL\bin;C:\Program Files (x86)\Intel\iCLS Client\;C:\Program Files\Intel\iCLS Client\;C:\Windows\system32;C:\Windows;C:\Windows\System32\Wbem;C:\Windows\System32\WindowsPowerShell\v1.0\;C:\Program Files\Intel\WiFi\bin\;C:\Program Files\Common Files\Intel\WirelessCommon\;C:\Program Files\Intel\Intel(R) Management Engine Components\DAL;C:\Program Files (x86)\Intel\Intel(R) Management Engine Components\DAL;C:\Program Files\Intel\Intel(R) Management Engine Components\IPT;C:\Program Files (x86)\Intel\Intel(R) Management Engine Components\IPT;C:\Program Files\Lenovo\Fingerprint Manager Pro\;D:\MyInstall\Install\Git\Git\usr\bin;D:\MyInstall\Install\Git\Git\bin;D:\Program Files (x86)\Nodejs;D:\Program Files\python;D:\MyInstall\Install\JDK\DEVINSTALL\bin;D:\MyInstall\Install\JDK\DEVINSTALL\jre\bin;D:\MyInstall\Install\Git\Git\cmd;D:\MyInstall\Install\SCALA\bin;D:\MyInstall\Install\Maven\bin;D:\MyInstall\Install\Git\Git\bin;D:\MyInstall\Install\Git\Git\usr\bin;D:\MyInstall\Install\Git\Git\bin;.]
[2018-07-04 07:57:31] [ INFO ] [localhost-startStop-1] org.apache.catalina.core.ContainerBase.[Tomcat].[localhost].[/] [180] - Initializing Spring embedded WebApplicationContext
[2018-07-04 07:57:31] [ INFO ] [localhost-startStop-1] org.springframework.web.context.ContextLoader [285] - Root WebApplicationContext: initialization completed in 2371 ms
[2018-07-04 07:57:31] [ INFO ] [localhost-startStop-1] org.springframework.boot.web.servlet.ServletRegistrationBean [185] - Servlet dispatcherServlet mapped to [/]
[2018-07-04 07:57:31] [ INFO ] [localhost-startStop-1] org.springframework.boot.web.servlet.FilterRegistrationBean [243] - Mapping filter: 'characterEncodingFilter' to: [/*]
[2018-07-04 07:57:31] [ INFO ] [localhost-startStop-1] org.springframework.boot.web.servlet.FilterRegistrationBean [243] - Mapping filter: 'hiddenHttpMethodFilter' to: [/*]
[2018-07-04 07:57:31] [ INFO ] [localhost-startStop-1] org.springframework.boot.web.servlet.FilterRegistrationBean [243] - Mapping filter: 'httpPutFormContentFilter' to: [/*]
[2018-07-04 07:57:31] [ INFO ] [localhost-startStop-1] org.springframework.boot.web.servlet.FilterRegistrationBean [243] - Mapping filter: 'requestContextFilter' to: [/*]
[2018-07-04 07:57:31] [ WARN ] [main] org.springframework.boot.web.servlet.context.AnnotationConfigServletWebServerApplicationContext [557] - Exception encountered during context initialization - cancelling refresh attempt: org.springframework.beans.factory.UnsatisfiedDependencyException: Error creating bean with name 'elasticSearchHelper' defined in file [D:\DevDir\springboot-es-search\spring-boot-es\target\classes\com\icongtai\geo\config\ElasticSearchHelper.class]: Unsatisfied dependency expressed through constructor parameter 0; nested exception is org.springframework.beans.factory.NoSuchBeanDefinitionException: No qualifying bean of type 'java.lang.String' available: expected at least 1 bean which qualifies as autowire candidate. Dependency annotations: {}
[2018-07-04 07:57:31] [ INFO ] [main] org.apache.catalina.core.StandardService [180] - Stopping service [Tomcat]
[2018-07-04 07:57:31] [ INFO ] [main] org.springframework.boot.autoconfigure.logging.ConditionEvaluationReportLoggingListener [101] - 

Error starting ApplicationContext. To display the conditions report re-run your application with 'debug' enabled.
[2018-07-04 07:57:31] [ ERROR] [main] org.springframework.boot.diagnostics.LoggingFailureAnalysisReporter [42] - 

***************************
APPLICATION FAILED TO START
***************************

Description:

Parameter 0 of constructor in com.icongtai.geo.config.ElasticSearchHelper required a bean of type 'java.lang.String' that could not be found.


Action:

Consider defining a bean of type 'java.lang.String' in your configuration.

[2018-07-04 08:01:12] [ INFO ] [main] com.icongtai.geo.GeoApiApplication [50] - Starting GeoApiApplication on EDZ-20180112GOE with PID 8020 (D:\DevDir\springboot-es-search\spring-boot-es\target\classes started by Edianzu in D:\DevDir\springboot-es-search\spring-boot-es)
[2018-07-04 08:01:12] [ INFO ] [main] com.icongtai.geo.GeoApiApplication [652] - No active profile set, falling back to default profiles: default
[2018-07-04 08:01:12] [ INFO ] [main] org.springframework.boot.web.servlet.context.AnnotationConfigServletWebServerApplicationContext [589] - Refreshing org.springframework.boot.web.servlet.context.AnnotationConfigServletWebServerApplicationContext@56620197: startup date [Wed Jul 04 08:01:12 CST 2018]; root of context hierarchy
[2018-07-04 08:01:14] [ INFO ] [main] org.springframework.boot.web.embedded.tomcat.TomcatWebServer [91] - Tomcat initialized with port(s): 8080 (http)
[2018-07-04 08:01:14] [ INFO ] [main] org.apache.catalina.core.StandardService [180] - Starting service [Tomcat]
[2018-07-04 08:01:14] [ INFO ] [main] org.apache.catalina.core.StandardEngine [180] - Starting Servlet Engine: Apache Tomcat/8.5.28
[2018-07-04 08:01:14] [ INFO ] [localhost-startStop-1] org.apache.catalina.core.AprLifecycleListener [180] - The APR based Apache Tomcat Native library which allows optimal performance in production environments was not found on the java.library.path: [D:\MyInstall\Install\JDK\DEVINSTALL\bin;C:\Windows\Sun\Java\bin;C:\Windows\system32;C:\Windows;C:\ProgramData\Oracle\Java\javapath;D:\MyInstall\Install\JDK\DEVINSTALL\bin;C:\Program Files (x86)\Intel\iCLS Client\;C:\Program Files\Intel\iCLS Client\;C:\Windows\system32;C:\Windows;C:\Windows\System32\Wbem;C:\Windows\System32\WindowsPowerShell\v1.0\;C:\Program Files\Intel\WiFi\bin\;C:\Program Files\Common Files\Intel\WirelessCommon\;C:\Program Files\Intel\Intel(R) Management Engine Components\DAL;C:\Program Files (x86)\Intel\Intel(R) Management Engine Components\DAL;C:\Program Files\Intel\Intel(R) Management Engine Components\IPT;C:\Program Files (x86)\Intel\Intel(R) Management Engine Components\IPT;C:\Program Files\Lenovo\Fingerprint Manager Pro\;D:\MyInstall\Install\Git\Git\usr\bin;D:\MyInstall\Install\Git\Git\bin;D:\Program Files (x86)\Nodejs;D:\Program Files\python;D:\MyInstall\Install\JDK\DEVINSTALL\bin;D:\MyInstall\Install\JDK\DEVINSTALL\jre\bin;D:\MyInstall\Install\Git\Git\cmd;D:\MyInstall\Install\SCALA\bin;D:\MyInstall\Install\Maven\bin;D:\MyInstall\Install\Git\Git\bin;D:\MyInstall\Install\Git\Git\usr\bin;D:\MyInstall\Install\Git\Git\bin;.]
[2018-07-04 08:01:14] [ INFO ] [localhost-startStop-1] org.apache.catalina.core.ContainerBase.[Tomcat].[localhost].[/] [180] - Initializing Spring embedded WebApplicationContext
[2018-07-04 08:01:14] [ INFO ] [localhost-startStop-1] org.springframework.web.context.ContextLoader [285] - Root WebApplicationContext: initialization completed in 2003 ms
[2018-07-04 08:01:14] [ INFO ] [localhost-startStop-1] org.springframework.boot.web.servlet.ServletRegistrationBean [185] - Servlet dispatcherServlet mapped to [/]
[2018-07-04 08:01:14] [ INFO ] [localhost-startStop-1] org.springframework.boot.web.servlet.FilterRegistrationBean [243] - Mapping filter: 'characterEncodingFilter' to: [/*]
[2018-07-04 08:01:14] [ INFO ] [localhost-startStop-1] org.springframework.boot.web.servlet.FilterRegistrationBean [243] - Mapping filter: 'hiddenHttpMethodFilter' to: [/*]
[2018-07-04 08:01:14] [ INFO ] [localhost-startStop-1] org.springframework.boot.web.servlet.FilterRegistrationBean [243] - Mapping filter: 'httpPutFormContentFilter' to: [/*]
[2018-07-04 08:01:14] [ INFO ] [localhost-startStop-1] org.springframework.boot.web.servlet.FilterRegistrationBean [243] - Mapping filter: 'requestContextFilter' to: [/*]
[2018-07-04 08:01:14] [ WARN ] [main] org.springframework.boot.web.servlet.context.AnnotationConfigServletWebServerApplicationContext [557] - Exception encountered during context initialization - cancelling refresh attempt: org.springframework.beans.factory.UnsatisfiedDependencyException: Error creating bean with name 'elasticSearchHelper' defined in file [D:\DevDir\springboot-es-search\spring-boot-es\target\classes\com\icongtai\geo\config\ElasticSearchHelper.class]: Unsatisfied dependency expressed through constructor parameter 0; nested exception is org.springframework.beans.factory.NoSuchBeanDefinitionException: No qualifying bean of type 'java.lang.String' available: expected at least 1 bean which qualifies as autowire candidate. Dependency annotations: {}
[2018-07-04 08:01:14] [ INFO ] [main] org.apache.catalina.core.StandardService [180] - Stopping service [Tomcat]
[2018-07-04 08:01:14] [ INFO ] [main] org.springframework.boot.autoconfigure.logging.ConditionEvaluationReportLoggingListener [101] - 

Error starting ApplicationContext. To display the conditions report re-run your application with 'debug' enabled.
[2018-07-04 08:01:14] [ ERROR] [main] org.springframework.boot.diagnostics.LoggingFailureAnalysisReporter [42] - 

***************************
APPLICATION FAILED TO START
***************************

Description:

Parameter 0 of constructor in com.icongtai.geo.config.ElasticSearchHelper required a bean of type 'java.lang.String' that could not be found.


Action:

Consider defining a bean of type 'java.lang.String' in your configuration.

[2018-07-04 08:04:58] [ INFO ] [main] com.icongtai.geo.GeoApiApplication [50] - Starting GeoApiApplication on EDZ-20180112GOE with PID 10704 (D:\DevDir\springboot-es-search\spring-boot-es\target\classes started by Edianzu in D:\DevDir\springboot-es-search\spring-boot-es)
[2018-07-04 08:04:58] [ INFO ] [main] com.icongtai.geo.GeoApiApplication [652] - No active profile set, falling back to default profiles: default
[2018-07-04 08:04:58] [ INFO ] [main] org.springframework.boot.web.servlet.context.AnnotationConfigServletWebServerApplicationContext [589] - Refreshing org.springframework.boot.web.servlet.context.AnnotationConfigServletWebServerApplicationContext@1dde4cb2: startup date [Wed Jul 04 08:04:58 CST 2018]; root of context hierarchy
[2018-07-04 08:05:00] [ INFO ] [main] org.springframework.boot.web.embedded.tomcat.TomcatWebServer [91] - Tomcat initialized with port(s): 8080 (http)
[2018-07-04 08:05:00] [ INFO ] [main] org.apache.catalina.core.StandardService [180] - Starting service [Tomcat]
[2018-07-04 08:05:00] [ INFO ] [main] org.apache.catalina.core.StandardEngine [180] - Starting Servlet Engine: Apache Tomcat/8.5.28
[2018-07-04 08:05:00] [ INFO ] [localhost-startStop-1] org.apache.catalina.core.AprLifecycleListener [180] - The APR based Apache Tomcat Native library which allows optimal performance in production environments was not found on the java.library.path: [D:\MyInstall\Install\JDK\DEVINSTALL\bin;C:\Windows\Sun\Java\bin;C:\Windows\system32;C:\Windows;C:\ProgramData\Oracle\Java\javapath;D:\MyInstall\Install\JDK\DEVINSTALL\bin;C:\Program Files (x86)\Intel\iCLS Client\;C:\Program Files\Intel\iCLS Client\;C:\Windows\system32;C:\Windows;C:\Windows\System32\Wbem;C:\Windows\System32\WindowsPowerShell\v1.0\;C:\Program Files\Intel\WiFi\bin\;C:\Program Files\Common Files\Intel\WirelessCommon\;C:\Program Files\Intel\Intel(R) Management Engine Components\DAL;C:\Program Files (x86)\Intel\Intel(R) Management Engine Components\DAL;C:\Program Files\Intel\Intel(R) Management Engine Components\IPT;C:\Program Files (x86)\Intel\Intel(R) Management Engine Components\IPT;C:\Program Files\Lenovo\Fingerprint Manager Pro\;D:\MyInstall\Install\Git\Git\usr\bin;D:\MyInstall\Install\Git\Git\bin;D:\Program Files (x86)\Nodejs;D:\Program Files\python;D:\MyInstall\Install\JDK\DEVINSTALL\bin;D:\MyInstall\Install\JDK\DEVINSTALL\jre\bin;D:\MyInstall\Install\Git\Git\cmd;D:\MyInstall\Install\SCALA\bin;D:\MyInstall\Install\Maven\bin;D:\MyInstall\Install\Git\Git\bin;D:\MyInstall\Install\Git\Git\usr\bin;D:\MyInstall\Install\Git\Git\bin;.]
[2018-07-04 08:05:01] [ INFO ] [localhost-startStop-1] org.apache.catalina.core.ContainerBase.[Tomcat].[localhost].[/] [180] - Initializing Spring embedded WebApplicationContext
[2018-07-04 08:05:01] [ INFO ] [localhost-startStop-1] org.springframework.web.context.ContextLoader [285] - Root WebApplicationContext: initialization completed in 2302 ms
[2018-07-04 08:05:01] [ INFO ] [localhost-startStop-1] org.springframework.boot.web.servlet.ServletRegistrationBean [185] - Servlet dispatcherServlet mapped to [/]
[2018-07-04 08:05:01] [ INFO ] [localhost-startStop-1] org.springframework.boot.web.servlet.FilterRegistrationBean [243] - Mapping filter: 'characterEncodingFilter' to: [/*]
[2018-07-04 08:05:01] [ INFO ] [localhost-startStop-1] org.springframework.boot.web.servlet.FilterRegistrationBean [243] - Mapping filter: 'hiddenHttpMethodFilter' to: [/*]
[2018-07-04 08:05:01] [ INFO ] [localhost-startStop-1] org.springframework.boot.web.servlet.FilterRegistrationBean [243] - Mapping filter: 'httpPutFormContentFilter' to: [/*]
[2018-07-04 08:05:01] [ INFO ] [localhost-startStop-1] org.springframework.boot.web.servlet.FilterRegistrationBean [243] - Mapping filter: 'requestContextFilter' to: [/*]
[2018-07-04 08:05:03] [ INFO ] [main] org.elasticsearch.plugins.PluginsService [176] - no modules loaded
[2018-07-04 08:05:03] [ INFO ] [main] org.elasticsearch.plugins.PluginsService [179] - loaded plugin [org.elasticsearch.index.reindex.ReindexPlugin]
[2018-07-04 08:05:03] [ INFO ] [main] org.elasticsearch.plugins.PluginsService [179] - loaded plugin [org.elasticsearch.join.ParentJoinPlugin]
[2018-07-04 08:05:03] [ INFO ] [main] org.elasticsearch.plugins.PluginsService [179] - loaded plugin [org.elasticsearch.percolator.PercolatorPlugin]
[2018-07-04 08:05:03] [ INFO ] [main] org.elasticsearch.plugins.PluginsService [179] - loaded plugin [org.elasticsearch.script.mustache.MustachePlugin]
[2018-07-04 08:05:03] [ INFO ] [main] org.elasticsearch.plugins.PluginsService [179] - loaded plugin [org.elasticsearch.transport.Netty3Plugin]
[2018-07-04 08:05:03] [ INFO ] [main] org.elasticsearch.plugins.PluginsService [179] - loaded plugin [org.elasticsearch.transport.Netty4Plugin]
[2018-07-04 08:05:05] [ INFO ] [main] io.netty.util.internal.PlatformDependent [104] - Your platform does not provide complete low-level API for accessing direct buffers reliably. Unless explicitly requested, heap buffer will always be preferred to avoid potential system instability.
[2018-07-04 08:05:09] [ INFO ] [main] org.springframework.web.servlet.mvc.method.annotation.RequestMappingHandlerAdapter [567] - Looking for @ControllerAdvice: org.springframework.boot.web.servlet.context.AnnotationConfigServletWebServerApplicationContext@1dde4cb2: startup date [Wed Jul 04 08:04:58 CST 2018]; root of context hierarchy
[2018-07-04 08:05:09] [ INFO ] [main] org.springframework.web.servlet.mvc.method.annotation.RequestMappingHandlerMapping [548] - Mapped "{[/error]}" onto public org.springframework.http.ResponseEntity<java.util.Map<java.lang.String, java.lang.Object>> org.springframework.boot.autoconfigure.web.servlet.error.BasicErrorController.error(javax.servlet.http.HttpServletRequest)
[2018-07-04 08:05:09] [ INFO ] [main] org.springframework.web.servlet.mvc.method.annotation.RequestMappingHandlerMapping [548] - Mapped "{[/error],produces=[text/html]}" onto public org.springframework.web.servlet.ModelAndView org.springframework.boot.autoconfigure.web.servlet.error.BasicErrorController.errorHtml(javax.servlet.http.HttpServletRequest,javax.servlet.http.HttpServletResponse)
[2018-07-04 08:05:09] [ INFO ] [main] org.springframework.web.servlet.handler.SimpleUrlHandlerMapping [373] - Mapped URL path [/webjars/**] onto handler of type [class org.springframework.web.servlet.resource.ResourceHttpRequestHandler]
[2018-07-04 08:05:09] [ INFO ] [main] org.springframework.web.servlet.handler.SimpleUrlHandlerMapping [373] - Mapped URL path [/**] onto handler of type [class org.springframework.web.servlet.resource.ResourceHttpRequestHandler]
[2018-07-04 08:05:10] [ INFO ] [main] org.springframework.web.servlet.handler.SimpleUrlHandlerMapping [373] - Mapped URL path [/**/favicon.ico] onto handler of type [class org.springframework.web.servlet.resource.ResourceHttpRequestHandler]
[2018-07-04 08:05:10] [ INFO ] [main] org.springframework.jmx.export.annotation.AnnotationMBeanExporter [434] - Registering beans for JMX exposure on startup
[2018-07-04 08:05:10] [ INFO ] [main] org.springframework.boot.web.embedded.tomcat.TomcatWebServer [205] - Tomcat started on port(s): 8080 (http) with context path ''
[2018-07-04 08:05:10] [ INFO ] [main] com.icongtai.geo.GeoApiApplication [59] - Started GeoApiApplication in 12.17 seconds (JVM running for 13.233)
[2018-07-04 09:32:27] [ INFO ] [main] com.icongtai.geo.GeoApiApplication [50] - Starting GeoApiApplication on EDZ-20180112GOE with PID 10200 (D:\DevDir\springboot-es-search\spring-boot-es\target\classes started by Edianzu in D:\DevDir\springboot-es-search\spring-boot-es)
[2018-07-04 09:32:27] [ INFO ] [main] com.icongtai.geo.GeoApiApplication [652] - No active profile set, falling back to default profiles: default
[2018-07-04 09:32:27] [ INFO ] [main] org.springframework.boot.web.servlet.context.AnnotationConfigServletWebServerApplicationContext [589] - Refreshing org.springframework.boot.web.servlet.context.AnnotationConfigServletWebServerApplicationContext@55b7a4e0: startup date [Wed Jul 04 09:32:27 CST 2018]; root of context hierarchy
[2018-07-04 09:32:30] [ INFO ] [main] org.springframework.boot.web.embedded.tomcat.TomcatWebServer [91] - Tomcat initialized with port(s): 8080 (http)
[2018-07-04 09:32:30] [ INFO ] [main] org.apache.catalina.core.StandardService [180] - Starting service [Tomcat]
[2018-07-04 09:32:30] [ INFO ] [main] org.apache.catalina.core.StandardEngine [180] - Starting Servlet Engine: Apache Tomcat/8.5.28
[2018-07-04 09:32:30] [ INFO ] [localhost-startStop-1] org.apache.catalina.core.AprLifecycleListener [180] - The APR based Apache Tomcat Native library which allows optimal performance in production environments was not found on the java.library.path: [D:\MyInstall\Install\JDK\DEVINSTALL\bin;C:\Windows\Sun\Java\bin;C:\Windows\system32;C:\Windows;C:\ProgramData\Oracle\Java\javapath;D:\MyInstall\Install\JDK\DEVINSTALL\bin;C:\Program Files (x86)\Intel\iCLS Client\;C:\Program Files\Intel\iCLS Client\;C:\Windows\system32;C:\Windows;C:\Windows\System32\Wbem;C:\Windows\System32\WindowsPowerShell\v1.0\;C:\Program Files\Intel\WiFi\bin\;C:\Program Files\Common Files\Intel\WirelessCommon\;C:\Program Files\Intel\Intel(R) Management Engine Components\DAL;C:\Program Files (x86)\Intel\Intel(R) Management Engine Components\DAL;C:\Program Files\Intel\Intel(R) Management Engine Components\IPT;C:\Program Files (x86)\Intel\Intel(R) Management Engine Components\IPT;C:\Program Files\Lenovo\Fingerprint Manager Pro\;D:\MyInstall\Install\Git\Git\usr\bin;D:\MyInstall\Install\Git\Git\bin;D:\Program Files (x86)\Nodejs;D:\Program Files\python;D:\MyInstall\Install\JDK\DEVINSTALL\bin;D:\MyInstall\Install\JDK\DEVINSTALL\jre\bin;D:\MyInstall\Install\Git\Git\cmd;D:\MyInstall\Install\SCALA\bin;D:\MyInstall\Install\Maven\bin;D:\MyInstall\Install\Git\Git\bin;D:\MyInstall\Install\Git\Git\usr\bin;D:\MyInstall\Install\Git\Git\bin;.]
[2018-07-04 09:32:30] [ INFO ] [localhost-startStop-1] org.apache.catalina.core.ContainerBase.[Tomcat].[localhost].[/] [180] - Initializing Spring embedded WebApplicationContext
[2018-07-04 09:32:30] [ INFO ] [localhost-startStop-1] org.springframework.web.context.ContextLoader [285] - Root WebApplicationContext: initialization completed in 2415 ms
[2018-07-04 09:32:30] [ INFO ] [localhost-startStop-1] org.springframework.boot.web.servlet.ServletRegistrationBean [185] - Servlet dispatcherServlet mapped to [/]
[2018-07-04 09:32:30] [ INFO ] [localhost-startStop-1] org.springframework.boot.web.servlet.FilterRegistrationBean [243] - Mapping filter: 'characterEncodingFilter' to: [/*]
[2018-07-04 09:32:30] [ INFO ] [localhost-startStop-1] org.springframework.boot.web.servlet.FilterRegistrationBean [243] - Mapping filter: 'hiddenHttpMethodFilter' to: [/*]
[2018-07-04 09:32:30] [ INFO ] [localhost-startStop-1] org.springframework.boot.web.servlet.FilterRegistrationBean [243] - Mapping filter: 'httpPutFormContentFilter' to: [/*]
[2018-07-04 09:32:30] [ INFO ] [localhost-startStop-1] org.springframework.boot.web.servlet.FilterRegistrationBean [243] - Mapping filter: 'requestContextFilter' to: [/*]
[2018-07-04 09:32:30] [ INFO ] [main] org.elasticsearch.plugins.PluginsService [176] - no modules loaded
[2018-07-04 09:32:30] [ INFO ] [main] org.elasticsearch.plugins.PluginsService [179] - loaded plugin [org.elasticsearch.index.reindex.ReindexPlugin]
[2018-07-04 09:32:30] [ INFO ] [main] org.elasticsearch.plugins.PluginsService [179] - loaded plugin [org.elasticsearch.join.ParentJoinPlugin]
[2018-07-04 09:32:30] [ INFO ] [main] org.elasticsearch.plugins.PluginsService [179] - loaded plugin [org.elasticsearch.percolator.PercolatorPlugin]
[2018-07-04 09:32:30] [ INFO ] [main] org.elasticsearch.plugins.PluginsService [179] - loaded plugin [org.elasticsearch.script.mustache.MustachePlugin]
[2018-07-04 09:32:30] [ INFO ] [main] org.elasticsearch.plugins.PluginsService [179] - loaded plugin [org.elasticsearch.transport.Netty3Plugin]
[2018-07-04 09:32:30] [ INFO ] [main] org.elasticsearch.plugins.PluginsService [179] - loaded plugin [org.elasticsearch.transport.Netty4Plugin]
[2018-07-04 09:32:31] [ INFO ] [main] io.netty.util.internal.PlatformDependent [104] - Your platform does not provide complete low-level API for accessing direct buffers reliably. Unless explicitly requested, heap buffer will always be preferred to avoid potential system instability.
[2018-07-04 09:32:33] [ INFO ] [main] org.springframework.web.servlet.mvc.method.annotation.RequestMappingHandlerAdapter [567] - Looking for @ControllerAdvice: org.springframework.boot.web.servlet.context.AnnotationConfigServletWebServerApplicationContext@55b7a4e0: startup date [Wed Jul 04 09:32:27 CST 2018]; root of context hierarchy
[2018-07-04 09:32:33] [ INFO ] [main] org.springframework.web.servlet.mvc.method.annotation.RequestMappingHandlerMapping [548] - Mapped "{[/error]}" onto public org.springframework.http.ResponseEntity<java.util.Map<java.lang.String, java.lang.Object>> org.springframework.boot.autoconfigure.web.servlet.error.BasicErrorController.error(javax.servlet.http.HttpServletRequest)
[2018-07-04 09:32:33] [ INFO ] [main] org.springframework.web.servlet.mvc.method.annotation.RequestMappingHandlerMapping [548] - Mapped "{[/error],produces=[text/html]}" onto public org.springframework.web.servlet.ModelAndView org.springframework.boot.autoconfigure.web.servlet.error.BasicErrorController.errorHtml(javax.servlet.http.HttpServletRequest,javax.servlet.http.HttpServletResponse)
[2018-07-04 09:32:33] [ INFO ] [main] org.springframework.web.servlet.handler.SimpleUrlHandlerMapping [373] - Mapped URL path [/webjars/**] onto handler of type [class org.springframework.web.servlet.resource.ResourceHttpRequestHandler]
[2018-07-04 09:32:33] [ INFO ] [main] org.springframework.web.servlet.handler.SimpleUrlHandlerMapping [373] - Mapped URL path [/**] onto handler of type [class org.springframework.web.servlet.resource.ResourceHttpRequestHandler]
[2018-07-04 09:32:33] [ INFO ] [main] org.springframework.web.servlet.handler.SimpleUrlHandlerMapping [373] - Mapped URL path [/**/favicon.ico] onto handler of type [class org.springframework.web.servlet.resource.ResourceHttpRequestHandler]
[2018-07-04 09:32:33] [ INFO ] [main] org.springframework.jmx.export.annotation.AnnotationMBeanExporter [434] - Registering beans for JMX exposure on startup
[2018-07-04 09:32:33] [ INFO ] [main] org.springframework.boot.web.embedded.tomcat.TomcatWebServer [205] - Tomcat started on port(s): 8080 (http) with context path ''
[2018-07-04 09:32:33] [ INFO ] [main] com.icongtai.geo.GeoApiApplication [59] - Started GeoApiApplication in 6.159 seconds (JVM running for 7.061)
[2018-07-04 09:32:58] [ INFO ] [main] com.icongtai.geo.GeoApiApplication [50] - Starting GeoApiApplication on EDZ-20180112GOE with PID 9764 (D:\DevDir\springboot-es-search\spring-boot-es\target\classes started by Edianzu in D:\DevDir\springboot-es-search\spring-boot-es)
[2018-07-04 09:32:58] [ INFO ] [main] com.icongtai.geo.GeoApiApplication [652] - No active profile set, falling back to default profiles: default
[2018-07-04 09:32:58] [ INFO ] [main] org.springframework.boot.web.servlet.context.AnnotationConfigServletWebServerApplicationContext [589] - Refreshing org.springframework.boot.web.servlet.context.AnnotationConfigServletWebServerApplicationContext@333291e3: startup date [Wed Jul 04 09:32:58 CST 2018]; root of context hierarchy
[2018-07-04 09:33:00] [ INFO ] [main] org.springframework.boot.web.embedded.tomcat.TomcatWebServer [91] - Tomcat initialized with port(s): 8080 (http)
[2018-07-04 09:33:00] [ INFO ] [main] org.apache.catalina.core.StandardService [180] - Starting service [Tomcat]
[2018-07-04 09:33:00] [ INFO ] [main] org.apache.catalina.core.StandardEngine [180] - Starting Servlet Engine: Apache Tomcat/8.5.28
[2018-07-04 09:33:00] [ INFO ] [localhost-startStop-1] org.apache.catalina.core.AprLifecycleListener [180] - The APR based Apache Tomcat Native library which allows optimal performance in production environments was not found on the java.library.path: [D:\MyInstall\Install\JDK\DEVINSTALL\bin;C:\Windows\Sun\Java\bin;C:\Windows\system32;C:\Windows;C:\ProgramData\Oracle\Java\javapath;D:\MyInstall\Install\JDK\DEVINSTALL\bin;C:\Program Files (x86)\Intel\iCLS Client\;C:\Program Files\Intel\iCLS Client\;C:\Windows\system32;C:\Windows;C:\Windows\System32\Wbem;C:\Windows\System32\WindowsPowerShell\v1.0\;C:\Program Files\Intel\WiFi\bin\;C:\Program Files\Common Files\Intel\WirelessCommon\;C:\Program Files\Intel\Intel(R) Management Engine Components\DAL;C:\Program Files (x86)\Intel\Intel(R) Management Engine Components\DAL;C:\Program Files\Intel\Intel(R) Management Engine Components\IPT;C:\Program Files (x86)\Intel\Intel(R) Management Engine Components\IPT;C:\Program Files\Lenovo\Fingerprint Manager Pro\;D:\MyInstall\Install\Git\Git\usr\bin;D:\MyInstall\Install\Git\Git\bin;D:\Program Files (x86)\Nodejs;D:\Program Files\python;D:\MyInstall\Install\JDK\DEVINSTALL\bin;D:\MyInstall\Install\JDK\DEVINSTALL\jre\bin;D:\MyInstall\Install\Git\Git\cmd;D:\MyInstall\Install\SCALA\bin;D:\MyInstall\Install\Maven\bin;D:\MyInstall\Install\Git\Git\bin;D:\MyInstall\Install\Git\Git\usr\bin;D:\MyInstall\Install\Git\Git\bin;.]
[2018-07-04 09:33:00] [ INFO ] [localhost-startStop-1] org.apache.catalina.core.ContainerBase.[Tomcat].[localhost].[/] [180] - Initializing Spring embedded WebApplicationContext
[2018-07-04 09:33:00] [ INFO ] [localhost-startStop-1] org.springframework.web.context.ContextLoader [285] - Root WebApplicationContext: initialization completed in 2195 ms
[2018-07-04 09:33:00] [ INFO ] [localhost-startStop-1] org.springframework.boot.web.servlet.ServletRegistrationBean [185] - Servlet dispatcherServlet mapped to [/]
[2018-07-04 09:33:00] [ INFO ] [localhost-startStop-1] org.springframework.boot.web.servlet.FilterRegistrationBean [243] - Mapping filter: 'characterEncodingFilter' to: [/*]
[2018-07-04 09:33:00] [ INFO ] [localhost-startStop-1] org.springframework.boot.web.servlet.FilterRegistrationBean [243] - Mapping filter: 'hiddenHttpMethodFilter' to: [/*]
[2018-07-04 09:33:00] [ INFO ] [localhost-startStop-1] org.springframework.boot.web.servlet.FilterRegistrationBean [243] - Mapping filter: 'httpPutFormContentFilter' to: [/*]
[2018-07-04 09:33:00] [ INFO ] [localhost-startStop-1] org.springframework.boot.web.servlet.FilterRegistrationBean [243] - Mapping filter: 'requestContextFilter' to: [/*]
[2018-07-04 09:33:00] [ INFO ] [main] org.elasticsearch.plugins.PluginsService [176] - no modules loaded
[2018-07-04 09:33:00] [ INFO ] [main] org.elasticsearch.plugins.PluginsService [179] - loaded plugin [org.elasticsearch.index.reindex.ReindexPlugin]
[2018-07-04 09:33:00] [ INFO ] [main] org.elasticsearch.plugins.PluginsService [179] - loaded plugin [org.elasticsearch.join.ParentJoinPlugin]
[2018-07-04 09:33:00] [ INFO ] [main] org.elasticsearch.plugins.PluginsService [179] - loaded plugin [org.elasticsearch.percolator.PercolatorPlugin]
[2018-07-04 09:33:00] [ INFO ] [main] org.elasticsearch.plugins.PluginsService [179] - loaded plugin [org.elasticsearch.script.mustache.MustachePlugin]
[2018-07-04 09:33:00] [ INFO ] [main] org.elasticsearch.plugins.PluginsService [179] - loaded plugin [org.elasticsearch.transport.Netty3Plugin]
[2018-07-04 09:33:00] [ INFO ] [main] org.elasticsearch.plugins.PluginsService [179] - loaded plugin [org.elasticsearch.transport.Netty4Plugin]
[2018-07-04 09:33:01] [ INFO ] [main] io.netty.util.internal.PlatformDependent [104] - Your platform does not provide complete low-level API for accessing direct buffers reliably. Unless explicitly requested, heap buffer will always be preferred to avoid potential system instability.
[2018-07-04 09:33:03] [ INFO ] [main] org.springframework.web.servlet.mvc.method.annotation.RequestMappingHandlerAdapter [567] - Looking for @ControllerAdvice: org.springframework.boot.web.servlet.context.AnnotationConfigServletWebServerApplicationContext@333291e3: startup date [Wed Jul 04 09:32:58 CST 2018]; root of context hierarchy
[2018-07-04 09:33:03] [ INFO ] [main] org.springframework.web.servlet.mvc.method.annotation.RequestMappingHandlerMapping [548] - Mapped "{[/error]}" onto public org.springframework.http.ResponseEntity<java.util.Map<java.lang.String, java.lang.Object>> org.springframework.boot.autoconfigure.web.servlet.error.BasicErrorController.error(javax.servlet.http.HttpServletRequest)
[2018-07-04 09:33:03] [ INFO ] [main] org.springframework.web.servlet.mvc.method.annotation.RequestMappingHandlerMapping [548] - Mapped "{[/error],produces=[text/html]}" onto public org.springframework.web.servlet.ModelAndView org.springframework.boot.autoconfigure.web.servlet.error.BasicErrorController.errorHtml(javax.servlet.http.HttpServletRequest,javax.servlet.http.HttpServletResponse)
[2018-07-04 09:33:03] [ INFO ] [main] org.springframework.web.servlet.handler.SimpleUrlHandlerMapping [373] - Mapped URL path [/webjars/**] onto handler of type [class org.springframework.web.servlet.resource.ResourceHttpRequestHandler]
[2018-07-04 09:33:03] [ INFO ] [main] org.springframework.web.servlet.handler.SimpleUrlHandlerMapping [373] - Mapped URL path [/**] onto handler of type [class org.springframework.web.servlet.resource.ResourceHttpRequestHandler]
[2018-07-04 09:33:03] [ INFO ] [main] org.springframework.web.servlet.handler.SimpleUrlHandlerMapping [373] - Mapped URL path [/**/favicon.ico] onto handler of type [class org.springframework.web.servlet.resource.ResourceHttpRequestHandler]
[2018-07-04 09:33:03] [ INFO ] [main] org.springframework.jmx.export.annotation.AnnotationMBeanExporter [434] - Registering beans for JMX exposure on startup
[2018-07-04 09:33:03] [ INFO ] [main] org.springframework.boot.web.embedded.tomcat.TomcatWebServer [205] - Tomcat started on port(s): 8080 (http) with context path ''
[2018-07-04 09:33:03] [ INFO ] [main] com.icongtai.geo.GeoApiApplication [59] - Started GeoApiApplication in 5.952 seconds (JVM running for 6.931)
